<?xml version="1.0" encoding="UTF-8"?>
<testsuite xmlns:xsi="http://www.w3.org/2001/XMLSchema-instance" xsi:noNamespaceSchemaLocation="https://maven.apache.org/surefire/maven-surefire-plugin/xsd/surefire-test-report-3.0.xsd" version="3.0" name="org.LoginTest" time="3.253" tests="2" errors="0" skipped="0" failures="0">
  <properties>
    <property name="java.specification.version" value="24"/>
    <property name="sun.jnu.encoding" value="UTF-8"/>
    <property name="java.class.path" value="/Users/amir.esmail1/Downloads/FirstBasicFW/target/test-classes:/Users/amir.esmail1/Downloads/FirstBasicFW/target/classes:/Users/amir.esmail1/.m2/repository/org/seleniumhq/selenium/selenium-java/4.33.0/selenium-java-4.33.0.jar:/Users/amir.esmail1/.m2/repository/org/seleniumhq/selenium/selenium-api/4.33.0/selenium-api-4.33.0.jar:/Users/amir.esmail1/.m2/repository/org/jspecify/jspecify/1.0.0/jspecify-1.0.0.jar:/Users/amir.esmail1/.m2/repository/org/seleniumhq/selenium/selenium-chrome-driver/4.33.0/selenium-chrome-driver-4.33.0.jar:/Users/amir.esmail1/.m2/repository/com/google/auto/service/auto-service-annotations/1.1.1/auto-service-annotations-1.1.1.jar:/Users/amir.esmail1/.m2/repository/org/seleniumhq/selenium/selenium-chromium-driver/4.33.0/selenium-chromium-driver-4.33.0.jar:/Users/amir.esmail1/.m2/repository/org/seleniumhq/selenium/selenium-json/4.33.0/selenium-json-4.33.0.jar:/Users/amir.esmail1/.m2/repository/org/seleniumhq/selenium/selenium-manager/4.33.0/selenium-manager-4.33.0.jar:/Users/amir.esmail1/.m2/repository/org/seleniumhq/selenium/selenium-devtools-v135/4.33.0/selenium-devtools-v135-4.33.0.jar:/Users/amir.esmail1/.m2/repository/org/seleniumhq/selenium/selenium-devtools-v136/4.33.0/selenium-devtools-v136-4.33.0.jar:/Users/amir.esmail1/.m2/repository/org/seleniumhq/selenium/selenium-devtools-v137/4.33.0/selenium-devtools-v137-4.33.0.jar:/Users/amir.esmail1/.m2/repository/org/seleniumhq/selenium/selenium-edge-driver/4.33.0/selenium-edge-driver-4.33.0.jar:/Users/amir.esmail1/.m2/repository/org/seleniumhq/selenium/selenium-firefox-driver/4.33.0/selenium-firefox-driver-4.33.0.jar:/Users/amir.esmail1/.m2/repository/org/seleniumhq/selenium/selenium-http/4.33.0/selenium-http-4.33.0.jar:/Users/amir.esmail1/.m2/repository/org/seleniumhq/selenium/selenium-ie-driver/4.33.0/selenium-ie-driver-4.33.0.jar:/Users/amir.esmail1/.m2/repository/org/seleniumhq/selenium/selenium-remote-driver/4.33.0/selenium-remote-driver-4.33.0.jar:/Users/amir.esmail1/.m2/repository/com/google/guava/guava/33.4.8-jre/guava-33.4.8-jre.jar:/Users/amir.esmail1/.m2/repository/com/google/guava/failureaccess/1.0.3/failureaccess-1.0.3.jar:/Users/amir.esmail1/.m2/repository/com/google/guava/listenablefuture/9999.0-empty-to-avoid-conflict-with-guava/listenablefuture-9999.0-empty-to-avoid-conflict-with-guava.jar:/Users/amir.esmail1/.m2/repository/com/google/errorprone/error_prone_annotations/2.36.0/error_prone_annotations-2.36.0.jar:/Users/amir.esmail1/.m2/repository/com/google/j2objc/j2objc-annotations/3.0.0/j2objc-annotations-3.0.0.jar:/Users/amir.esmail1/.m2/repository/io/opentelemetry/opentelemetry-api/1.50.0/opentelemetry-api-1.50.0.jar:/Users/amir.esmail1/.m2/repository/io/opentelemetry/opentelemetry-context/1.50.0/opentelemetry-context-1.50.0.jar:/Users/amir.esmail1/.m2/repository/io/opentelemetry/opentelemetry-exporter-logging/1.50.0/opentelemetry-exporter-logging-1.50.0.jar:/Users/amir.esmail1/.m2/repository/io/opentelemetry/opentelemetry-sdk-common/1.50.0/opentelemetry-sdk-common-1.50.0.jar:/Users/amir.esmail1/.m2/repository/io/opentelemetry/opentelemetry-sdk-extension-autoconfigure-spi/1.50.0/opentelemetry-sdk-extension-autoconfigure-spi-1.50.0.jar:/Users/amir.esmail1/.m2/repository/io/opentelemetry/opentelemetry-sdk-extension-autoconfigure/1.50.0/opentelemetry-sdk-extension-autoconfigure-1.50.0.jar:/Users/amir.esmail1/.m2/repository/io/opentelemetry/opentelemetry-sdk-trace/1.50.0/opentelemetry-sdk-trace-1.50.0.jar:/Users/amir.esmail1/.m2/repository/io/opentelemetry/opentelemetry-sdk/1.50.0/opentelemetry-sdk-1.50.0.jar:/Users/amir.esmail1/.m2/repository/io/opentelemetry/opentelemetry-sdk-metrics/1.50.0/opentelemetry-sdk-metrics-1.50.0.jar:/Users/amir.esmail1/.m2/repository/io/opentelemetry/opentelemetry-sdk-logs/1.50.0/opentelemetry-sdk-logs-1.50.0.jar:/Users/amir.esmail1/.m2/repository/net/bytebuddy/byte-buddy/1.17.5/byte-buddy-1.17.5.jar:/Users/amir.esmail1/.m2/repository/org/seleniumhq/selenium/selenium-os/4.33.0/selenium-os-4.33.0.jar:/Users/amir.esmail1/.m2/repository/org/apache/commons/commons-exec/1.4.0/commons-exec-1.4.0.jar:/Users/amir.esmail1/.m2/repository/org/seleniumhq/selenium/selenium-safari-driver/4.33.0/selenium-safari-driver-4.33.0.jar:/Users/amir.esmail1/.m2/repository/org/seleniumhq/selenium/selenium-support/4.33.0/selenium-support-4.33.0.jar:/Users/amir.esmail1/.m2/repository/org/testng/testng/7.10.2/testng-7.10.2.jar:/Users/amir.esmail1/.m2/repository/org/slf4j/slf4j-api/1.7.36/slf4j-api-1.7.36.jar:/Users/amir.esmail1/.m2/repository/com/beust/jcommander/1.82/jcommander-1.82.jar:/Users/amir.esmail1/.m2/repository/org/webjars/jquery/3.7.1/jquery-3.7.1.jar:"/>
    <property name="java.vm.vendor" value="Oracle Corporation"/>
    <property name="sun.arch.data.model" value="64"/>
    <property name="java.vendor.url" value="https://java.oracle.com/"/>
    <property name="user.timezone" value="Africa/Cairo"/>
    <property name="os.name" value="Mac OS X"/>
    <property name="java.vm.specification.version" value="24"/>
    <property name="sun.java.launcher" value="SUN_STANDARD"/>
    <property name="user.country" value="EG"/>
    <property name="sun.boot.library.path" value="/Users/amir.esmail1/Library/Java/JavaVirtualMachines/openjdk-24/Contents/Home/lib"/>
    <property name="sun.java.command" value="/Users/amir.esmail1/Downloads/FirstBasicFW/target/surefire/surefirebooter-20250704104218611_3.jar /Users/amir.esmail1/Downloads/FirstBasicFW/target/surefire 2025-07-04T10-42-18_544-jvmRun1 surefire-20250704104218611_1tmp surefire_0-20250704104218611_2tmp"/>
    <property name="http.nonProxyHosts" value="local|*.local|169.254/16|*.169.254/16"/>
    <property name="jdk.debug" value="release"/>
    <property name="surefire.test.class.path" value="/Users/amir.esmail1/Downloads/FirstBasicFW/target/test-classes:/Users/amir.esmail1/Downloads/FirstBasicFW/target/classes:/Users/amir.esmail1/.m2/repository/org/seleniumhq/selenium/selenium-java/4.33.0/selenium-java-4.33.0.jar:/Users/amir.esmail1/.m2/repository/org/seleniumhq/selenium/selenium-api/4.33.0/selenium-api-4.33.0.jar:/Users/amir.esmail1/.m2/repository/org/jspecify/jspecify/1.0.0/jspecify-1.0.0.jar:/Users/amir.esmail1/.m2/repository/org/seleniumhq/selenium/selenium-chrome-driver/4.33.0/selenium-chrome-driver-4.33.0.jar:/Users/amir.esmail1/.m2/repository/com/google/auto/service/auto-service-annotations/1.1.1/auto-service-annotations-1.1.1.jar:/Users/amir.esmail1/.m2/repository/org/seleniumhq/selenium/selenium-chromium-driver/4.33.0/selenium-chromium-driver-4.33.0.jar:/Users/amir.esmail1/.m2/repository/org/seleniumhq/selenium/selenium-json/4.33.0/selenium-json-4.33.0.jar:/Users/amir.esmail1/.m2/repository/org/seleniumhq/selenium/selenium-manager/4.33.0/selenium-manager-4.33.0.jar:/Users/amir.esmail1/.m2/repository/org/seleniumhq/selenium/selenium-devtools-v135/4.33.0/selenium-devtools-v135-4.33.0.jar:/Users/amir.esmail1/.m2/repository/org/seleniumhq/selenium/selenium-devtools-v136/4.33.0/selenium-devtools-v136-4.33.0.jar:/Users/amir.esmail1/.m2/repository/org/seleniumhq/selenium/selenium-devtools-v137/4.33.0/selenium-devtools-v137-4.33.0.jar:/Users/amir.esmail1/.m2/repository/org/seleniumhq/selenium/selenium-edge-driver/4.33.0/selenium-edge-driver-4.33.0.jar:/Users/amir.esmail1/.m2/repository/org/seleniumhq/selenium/selenium-firefox-driver/4.33.0/selenium-firefox-driver-4.33.0.jar:/Users/amir.esmail1/.m2/repository/org/seleniumhq/selenium/selenium-http/4.33.0/selenium-http-4.33.0.jar:/Users/amir.esmail1/.m2/repository/org/seleniumhq/selenium/selenium-ie-driver/4.33.0/selenium-ie-driver-4.33.0.jar:/Users/amir.esmail1/.m2/repository/org/seleniumhq/selenium/selenium-remote-driver/4.33.0/selenium-remote-driver-4.33.0.jar:/Users/amir.esmail1/.m2/repository/com/google/guava/guava/33.4.8-jre/guava-33.4.8-jre.jar:/Users/amir.esmail1/.m2/repository/com/google/guava/failureaccess/1.0.3/failureaccess-1.0.3.jar:/Users/amir.esmail1/.m2/repository/com/google/guava/listenablefuture/9999.0-empty-to-avoid-conflict-with-guava/listenablefuture-9999.0-empty-to-avoid-conflict-with-guava.jar:/Users/amir.esmail1/.m2/repository/com/google/errorprone/error_prone_annotations/2.36.0/error_prone_annotations-2.36.0.jar:/Users/amir.esmail1/.m2/repository/com/google/j2objc/j2objc-annotations/3.0.0/j2objc-annotations-3.0.0.jar:/Users/amir.esmail1/.m2/repository/io/opentelemetry/opentelemetry-api/1.50.0/opentelemetry-api-1.50.0.jar:/Users/amir.esmail1/.m2/repository/io/opentelemetry/opentelemetry-context/1.50.0/opentelemetry-context-1.50.0.jar:/Users/amir.esmail1/.m2/repository/io/opentelemetry/opentelemetry-exporter-logging/1.50.0/opentelemetry-exporter-logging-1.50.0.jar:/Users/amir.esmail1/.m2/repository/io/opentelemetry/opentelemetry-sdk-common/1.50.0/opentelemetry-sdk-common-1.50.0.jar:/Users/amir.esmail1/.m2/repository/io/opentelemetry/opentelemetry-sdk-extension-autoconfigure-spi/1.50.0/opentelemetry-sdk-extension-autoconfigure-spi-1.50.0.jar:/Users/amir.esmail1/.m2/repository/io/opentelemetry/opentelemetry-sdk-extension-autoconfigure/1.50.0/opentelemetry-sdk-extension-autoconfigure-1.50.0.jar:/Users/amir.esmail1/.m2/repository/io/opentelemetry/opentelemetry-sdk-trace/1.50.0/opentelemetry-sdk-trace-1.50.0.jar:/Users/amir.esmail1/.m2/repository/io/opentelemetry/opentelemetry-sdk/1.50.0/opentelemetry-sdk-1.50.0.jar:/Users/amir.esmail1/.m2/repository/io/opentelemetry/opentelemetry-sdk-metrics/1.50.0/opentelemetry-sdk-metrics-1.50.0.jar:/Users/amir.esmail1/.m2/repository/io/opentelemetry/opentelemetry-sdk-logs/1.50.0/opentelemetry-sdk-logs-1.50.0.jar:/Users/amir.esmail1/.m2/repository/net/bytebuddy/byte-buddy/1.17.5/byte-buddy-1.17.5.jar:/Users/amir.esmail1/.m2/repository/org/seleniumhq/selenium/selenium-os/4.33.0/selenium-os-4.33.0.jar:/Users/amir.esmail1/.m2/repository/org/apache/commons/commons-exec/1.4.0/commons-exec-1.4.0.jar:/Users/amir.esmail1/.m2/repository/org/seleniumhq/selenium/selenium-safari-driver/4.33.0/selenium-safari-driver-4.33.0.jar:/Users/amir.esmail1/.m2/repository/org/seleniumhq/selenium/selenium-support/4.33.0/selenium-support-4.33.0.jar:/Users/amir.esmail1/.m2/repository/org/testng/testng/7.10.2/testng-7.10.2.jar:/Users/amir.esmail1/.m2/repository/org/slf4j/slf4j-api/1.7.36/slf4j-api-1.7.36.jar:/Users/amir.esmail1/.m2/repository/com/beust/jcommander/1.82/jcommander-1.82.jar:/Users/amir.esmail1/.m2/repository/org/webjars/jquery/3.7.1/jquery-3.7.1.jar:"/>
    <property name="sun.cpu.endian" value="little"/>
    <property name="user.home" value="/Users/amir.esmail1"/>
    <property name="user.language" value="en"/>
    <property name="java.specification.vendor" value="Oracle Corporation"/>
    <property name="java.version.date" value="2025-03-18"/>
    <property name="java.home" value="/Users/amir.esmail1/Library/Java/JavaVirtualMachines/openjdk-24/Contents/Home"/>
    <property name="file.separator" value="/"/>
    <property name="basedir" value="/Users/amir.esmail1/Downloads/FirstBasicFW"/>
    <property name="java.vm.compressedOopsMode" value="Zero based"/>
    <property name="line.separator" value="&#10;"/>
    <property name="java.vm.specification.vendor" value="Oracle Corporation"/>
    <property name="java.specification.name" value="Java Platform API Specification"/>
    <property name="apple.awt.application.name" value="ForkedBooter"/>
    <property name="surefire.real.class.path" value="/Users/amir.esmail1/Downloads/FirstBasicFW/target/surefire/surefirebooter-20250704104218611_3.jar"/>
    <property name="sun.management.compiler" value="HotSpot 64-Bit Tiered Compilers"/>
    <property name="ftp.nonProxyHosts" value="local|*.local|169.254/16|*.169.254/16"/>
    <property name="java.runtime.version" value="24+36-3646"/>
    <property name="user.name" value="amir.esmail1"/>
    <property name="stdout.encoding" value="UTF-8"/>
    <property name="path.separator" value=":"/>
    <property name="os.version" value="15.5"/>
    <property name="java.runtime.name" value="OpenJDK Runtime Environment"/>
    <property name="file.encoding" value="UTF-8"/>
    <property name="java.vm.name" value="OpenJDK 64-Bit Server VM"/>
    <property name="localRepository" value="/Users/amir.esmail1/.m2/repository"/>
    <property name="java.vendor.url.bug" value="https://bugreport.java.com/bugreport/"/>
    <property name="java.io.tmpdir" value="/var/folders/pm/z0pgwm792d93ky0w6198ntcm0000gp/T/"/>
    <property name="idea.version" value="2025.1.3"/>
    <property name="java.version" value="24"/>
    <property name="user.dir" value="/Users/amir.esmail1/Downloads/FirstBasicFW"/>
    <property name="os.arch" value="aarch64"/>
    <property name="java.vm.specification.name" value="Java Virtual Machine Specification"/>
    <property name="native.encoding" value="UTF-8"/>
    <property name="java.library.path" value="/Users/amir.esmail1/Library/Java/Extensions:/Library/Java/Extensions:/Network/Library/Java/Extensions:/System/Library/Java/Extensions:/usr/lib/java:."/>
    <property name="java.vm.info" value="mixed mode, sharing"/>
    <property name="stderr.encoding" value="UTF-8"/>
    <property name="java.vendor" value="Oracle Corporation"/>
    <property name="java.vm.version" value="24+36-3646"/>
    <property name="sun.io.unicode.encoding" value="UnicodeBig"/>
    <property name="socksNonProxyHosts" value="local|*.local|169.254/16|*.169.254/16"/>
    <property name="java.class.version" value="68.0"/>
  </properties>
  <testcase name="loginFailed" classname="org.LoginTest" time="0.921">
    <system-err><![CDATA[SLF4J: Failed to load class "org.slf4j.impl.StaticLoggerBinder".
SLF4J: Defaulting to no-operation (NOP) logger implementation
SLF4J: See http://www.slf4j.org/codes.html#StaticLoggerBinder for further details.
Jul 04, 2025 10:42:20 AM org.openqa.selenium.devtools.CdpVersionFinder findNearestMatch
WARNING: Unable to find an exact match for CDP version 138, returning the closest version; found: 137; Please update to a Selenium version that supports CDP version 138
]]></system-err>
  </testcase>
  <testcase name="loginSuccessfully" classname="org.LoginTest" time="0.106"/>
</testsuite>