<?xml version="1.0" encoding="UTF-8"?>
<!-- Generated by org.testng.reporters.JUnitReportReporter -->
<testsuite hostname="E1410930" failures="0" tests="2" name="org.LoginTest" time="1.307" errors="0" timestamp="2025-07-04T10:42:21 EEST" skipped="0">
  <testcase classname="org.LoginTest" name="loginFailed" time="0.946"/>
  <testcase classname="org.LoginTest" name="loginSuccessfully" time="0.361"/>
</testsuite> <!-- org.LoginTest -->
